![SM_Join(2)](https://github.com/DaduPark/ReadingRecord/assets/76692927/031e77aa-1d0f-4b39-aee9-9265e6d5ca35)


  --- SMITH 의 직속상관의 이름?
-- 조인조건에서는 넘어갈쪽의 컬럼에 인덱스가 걸리면 빠르게 된다

select me.ename
From emp ee, emp me
where 
ee.mgr = me.empno
and ee.ename = 'FORD'
;

--- FORD 의 후배의 이름?
select /*+ use_nl(me ee)*/ee.ename
From emp ee, emp me
where 
ee.mgr = me.empno
and me.ename = 'FORD'
;

---------------------------------------------------------------------------
| Id  | Operation          | Name | Rows  | Bytes | Cost (%CPU)| Time     |
---------------------------------------------------------------------------
|   0 | SELECT STATEMENT   |      |     2 |    40 |     6   (0)| 00:00:01 |
|   1 |  NESTED LOOPS      |      |     2 |    40 |     6   (0)| 00:00:01 |
|*  2 |   TABLE ACCESS FULL| EMP  |     1 |    10 |     3   (0)| 00:00:01 |
|*  3 |   TABLE ACCESS FULL| EMP  |     2 |    20 |     3   (0)| 00:00:01 |
---------------------------------------------------------------------------

- me에서 ename을 찾을때는 인덱스가 아니므로 Full
- me의 empno를 가지고 ee의 mgr을 찾기때문에 FUll을 탄다

- King의 이름, 사번과 부하직원들의 이름, 사번, 부서명, 급여, 급여등급은?
select me.ename, me.empno, ee.ename,ed.DNAME, ee.empno, es.grade
From emp ee, emp me,dept ed, salgrade es
where 
ee.mgr = me.empno
and ed.DEPTNO = ee.DEPTNO
and ee.sal between es.losal and es.hisal
and me.ename = 'KING'


- 소트 머지 조인
- 해시조인 : 순서



-nested loop join

-sort merge join





------------------------------------

--nested loop join : 중첩포문

- index-index
select  /*+ use_nl(e d)*/e.ename, d.dname
from emp e, dept d
where (e.deptno = d.deptno)
and (e.empno = 7788);

----------------------------------------------------------------------------------------
| Id  | Operation                    | Name    | Rows  | Bytes | Cost (%CPU)| Time     |
----------------------------------------------------------------------------------------
|   0 | SELECT STATEMENT             |         |     1 |    20 |     2   (0)| 00:00:01 |
|   1 |  NESTED LOOPS                |         |     1 |    20 |     2   (0)| 00:00:01 |
|   2 |   TABLE ACCESS BY INDEX ROWID| EMP     |     1 |     7 |     1   (0)| 00:00:01 |
|*  3 |    INDEX UNIQUE SCAN         | PK_EMP  |     1 |       |     0   (0)| 00:00:01 |
|   4 |   TABLE ACCESS BY INDEX ROWID| DEPT    |     4 |    52 |     1   (0)| 00:00:01 |
|*  5 |    INDEX UNIQUE SCAN         | PK_DEPT |     1 |       |     0   (0)| 00:00:01 |

- Emp테이블에 인덱스 컬림인 empno으로 조회하여 index를 탔고
- Emp테이블의deptno로  dept테이블의 인덱스 컬럼으로 조회하여 index를 탄다.
- 순서 : 3 > 2 > 5 > 4 > 1 > 0

- Table-index
select  /*+ use_nl(e d)*/ e.ename, d.dname
from emp e, dept d
where (e.deptno = d.deptno)
and (e.ename = 'SCOTT');

----------------------------------------------------------------------------------------
| Id  | Operation                    | Name    | Rows  | Bytes | Cost (%CPU)| Time     |
----------------------------------------------------------------------------------------
|   0 | SELECT STATEMENT             |         |     1 |    22 |     4   (0)| 00:00:01 |
|   1 |  NESTED LOOPS                |         |       |       |            |          |
|   2 |   NESTED LOOPS               |         |     1 |    22 |     4   (0)| 00:00:01 |
|*  3 |    TABLE ACCESS FULL         | EMP     |     1 |     9 |     3   (0)| 00:00:01 |
|*  4 |    INDEX UNIQUE SCAN         | PK_DEPT |     1 |       |     0   (0)| 00:00:01 |
|   5 |   TABLE ACCESS BY INDEX ROWID| DEPT    |     1 |    13 |     1   (0)| 00:00:01 |

- Emp테이블에 ename 조회하여 테이블스캔을하였고 PK가 아니므로 SCOTT이란 ename을 가진 값을 가지 고 여러번 dept테이블을 가는것을 NESTED LOOPS(id:2)로 중복을 표현
- Emp테이블의deptno로  dept테이블의 인덱스 컬럼으로 조회하여 index를 타는데 여러 deptno이 오니 NESTED LOOPS (id:1)이 발생


select/*+ use_nl(e d)*/  e.ename, d.dname
from emp e, dept d
where (e.deptno = d.deptno)
and (e.deptNO = 20);

----------------------------------------------------------------------------------------
| Id  | Operation                    | Name    | Rows  | Bytes | Cost (%CPU)| Time     |
----------------------------------------------------------------------------------------
|   0 | SELECT STATEMENT             |         |     5 |    80 |     4   (0)| 00:00:01 |
|   1 |  NESTED LOOPS                |         |     5 |    80 |     4   (0)| 00:00:01 |
|   2 |   TABLE ACCESS BY INDEX ROWID| DEPT    |     1 |    13 |     1   (0)| 00:00:01 |
|*  3 |    INDEX UNIQUE SCAN         | PK_DEPT |     1 |       |     0   (0)| 00:00:01 |
|*  4 |   TABLE ACCESS FULL          | EMP     |     5 |    15 |     3   (0)| 00:00:01 |
----------------------------------------------------------------------------------------
- dept은 인덱스 스캔을 가지고 emp로 넘어가는데 empno의 deptno은 인덱스컬럼이 아니므로 테이블 풀스캔 반복( NESTED LOOPS)

- Table-Table
select /*+ use_nl(e d)*/e.ename, d.dname
from emp e, dept d
where (e.deptno = d.deptno)
and (d.dName = 'RESEARCH');
---------------------------------------------------------------------------
| Id  | Operation          | Name | Rows  | Bytes | Cost (%CPU)| Time     |
---------------------------------------------------------------------------
|   0 | SELECT STATEMENT   |      |     5 |    80 |     6   (0)| 00:00:01 |
|   1 |  NESTED LOOPS      |      |     5 |    80 |     6   (0)| 00:00:01 |
|*  2 |   TABLE ACCESS FULL| DEPT |     1 |    13 |     3   (0)| 00:00:01 |
|*  3 |   TABLE ACCESS FULL| EMP  |     5 |    15 |     3   (0)| 00:00:01 |
---------------------------------------------------------------------------

















-ordered

select * 
from dept d, emp e
where ( e.deptno = d.deptno)
and (e.eName = 'KING');

----------------------------------------------------------------------------------------
| Id  | Operation                    | Name    | Rows  | Bytes | Cost (%CPU)| Time     |
----------------------------------------------------------------------------------------
|   0 | SELECT STATEMENT             |         |     1 |    58 |     4   (0)| 00:00:01 |
|   1 |  NESTED LOOPS                |         |       |       |            |          |
|   2 |   NESTED LOOPS               |         |     1 |    58 |     4   (0)| 00:00:01 |
|*  3 |    TABLE ACCESS FULL         | EMP     |     1 |    38 |     3   (0)| 00:00:01 |
|*  4 |    INDEX UNIQUE SCAN         | PK_DEPT |     1 |       |     0   (0)| 00:00:01 |
|   5 |   TABLE ACCESS BY INDEX ROWID| DEPT    |     1 |    20 |     1   (0)| 00:00:01 |

- emp부터 읽는다

select /*+ ordered*/* 
from dept d, emp e
where ( e.deptno = d.deptno)
and (e.eName = 'KING');

----------------------------------------------------------------------------------------
| Id  | Operation                    | Name    | Rows  | Bytes | Cost (%CPU)| Time     |
----------------------------------------------------------------------------------------
|   0 | SELECT STATEMENT             |         |     1 |    58 |     6  (17)| 00:00:01 |
|   1 |  MERGE JOIN                  |         |     1 |    58 |     6  (17)| 00:00:01 |
|   2 |   TABLE ACCESS BY INDEX ROWID| DEPT    |     4 |    80 |     2   (0)| 00:00:01 |
|   3 |    INDEX FULL SCAN           | PK_DEPT |     4 |       |     1   (0)| 00:00:01 |
|*  4 |   SORT JOIN                  |         |     1 |    38 |     4  (25)| 00:00:01 |
|*  5 |    TABLE ACCESS FULL         | EMP     |     1 |    38 |     3   (0)| 00:00:01 |

- ordered힌트를 사용하여 dept가 먼저로 바뀌었다(from 뒤 테이블순서대로)
- dept가 먼저 타면 nested LOOPS은 버거워서 SORT JOIN 로 바뀜
-  NESTED LOOPS 로 바꾸려면 /*+ ordered use_nl(e d)*/로 쓰면된다(복수로 사용 가능함)

- leading
select /*+ leading(d e) use_nl(e d)*/* 
from dept d, emp e
where ( e.deptno = d.deptno)
and (e.eName = 'KING');

---------------------------------------------------------------------------
| Id  | Operation          | Name | Rows  | Bytes | Cost (%CPU)| Time     |
---------------------------------------------------------------------------
|   0 | SELECT STATEMENT   |      |     1 |    58 |    10   (0)| 00:00:01 |
|   1 |  NESTED LOOPS      |      |     1 |    58 |    10   (0)| 00:00:01 |
|   2 |   TABLE ACCESS FULL| DEPT |     4 |    80 |     3   (0)| 00:00:01 |
|*  3 |   TABLE ACCESS FULL| EMP  |     1 |    38 |     2   (0)| 00:00:01 |
---------------------------------------------------------------------------
- leading을 통해 내가 원하는 테이블 먼저 탄다.

-sort merge join
[소트머지사진]
- sort단계 : 먼저 두테이블 별로 해당 테이블 조건대로 추출(SGA에서 처리해줌), 
- merge단계 : 추출된 두 테이블을 연결하여 결과값추출(PGA에서 각각의 서버프로세스에서 처리해야함)

select /*+ use_merge(e d) */e.ename, d.dname
from emp e, dept d
where (e.deptno = d.deptno)
and (d.dName = 'RESEARCH');

----------------------------------------------------------------------------------------
| Id  | Operation                    | Name    | Rows  | Bytes | Cost (%CPU)| Time     |
----------------------------------------------------------------------------------------
|   0 | SELECT STATEMENT             |         |     5 |   110 |     6  (17)| 00:00:01 |
|   1 |  MERGE JOIN                  |         |     5 |   110 |     6  (17)| 00:00:01 |
|*  2 |   TABLE ACCESS BY INDEX ROWID| DEPT    |     1 |    13 |     2   (0)| 00:00:01 |
|   3 |    INDEX FULL SCAN           | PK_DEPT |     4 |       |     1   (0)| 00:00:01 |
|*  4 |   SORT JOIN                  |         |    14 |   126 |     4  (25)| 00:00:01 |
|   5 |    TABLE ACCESS FULL         | EMP     |    14 |   126 |     3   (0)| 00:00:01 |

- dept은  INDEX FULL SCAN  (정렬시켜서 내보내기위해 index풀 스캔을 탄다_정렬된순서대로 테이블로넘어간 후 RESEARCH인 값들을 넘겨준다 ) / emp은  조건이 없으므로 TABLE ACCESS FULL  
- 두 개를 merge처리 해준다


select /*+ use_merge(e d) */e.ename, d.dname
from emp e, dept d
where (e.deptno = d.deptno)
and (d.dName = 'RESEARCH')
and e.empno = 7566;








--------------
수업
---------------------------------------------------
- 논리적 Join

set autotrace on exp;

SMITH의 부서명은 ? --> Equi-Join 

select d.dname
from emp e, dept d
where ( e.deptno = d.deptno )
 and  ( e.ename = 'SMITH');

SMITH의 급여등급은 ? --> Non-Equi-Join 

select s.grade
from emp e, salgrade s
where ( e.sal between s.losal and s.hisal )
 and  ( e.ename = 'SMITH');
 
SMITH의 이름, 급여, 부서명, 급여등급은 ? 

select e.ename, e.sal, d.dname, s.grade
from emp e, dept d, salgrade s
where ( e.deptno = d.deptno )
 and  ( e.sal between s.losal and s.hisal )
 and  ( e.ename = 'SMITH');

select e.ename, e.sal, d.dname, s.grade
from emp e, dept d, salgrade s
where ( e.sal between s.losal and s.hisal )
 and  ( e.deptno = d.deptno )
 and  ( e.ename = 'SMITH');

- SMITH 의 직속상관의 이름은 ? --> Self Join

select me.ename
from emp ee, emp me
where ( ee.mgr = me.empno )
 and  ( ee.ename = 'SMITH
 
- FORD 의 부하직원들의 이름은 ? --> Self Join
 
select /*+ use_nl(me ee) */ ee.ename
from emp ee, emp me
where ( ee.mgr = me.empno )
 and  ( me.ename = 'FORD');

- King 의 이름, 사번과 부하직원들의 이름,사번, 부서명, 급여, 급여등급은 ?

select me.ename, me.empno, ee.ename ,ee.empno, ed.dname, ee.sal, es.grade
from emp me, emp ee, dept ed, salgrade es
where ( me.empno = ee.mgr )
 and  ( ee.deptno = ed.deptno )
 and  ( ee.sal between es.losal and es.hisal )
 and  ( me.ename = 'KING');

- 물리적 Join ------------------------

- Nested Loop Join

select /*+ use_nl(e d) */ e.ename, d.dname --> Index - Index
from emp e, dept d
where ( e.deptno = d.deptno )
 and  ( e.empno = 7788 );
 
select /*+ use_nl(e d) */ e.ename, d.dname --> Table - Index
from emp e, dept d
where ( e.deptno = d.deptno )
 and  ( e.ename = 'SCOTT' );

select /*+ use_nl(e d) */ e.ename, d.dname --> Index - Table
from emp e, dept d
where ( e.deptno = d.deptno )
 and  ( d.deptno = 20 );

select /*+ use_nl(e d) */ e.ename, d.dname --> Table - Table
from emp e, dept d
where ( e.deptno = d.deptno )
 and  ( d.dname = 'RESEARCH' );


- Sort Merge Join 


- Hash Join




- Index Scan

