## 데이터베이스 저장구조
<img width="300" alt="image" src="https://github.com/DaduPark/ReadingRecord/assets/76692927/f6dd4eb5-070d-4237-bf36-60f706ee45f3">  

<img width="486" alt="image" src="https://github.com/DaduPark/ReadingRecord/assets/76692927/0dd53276-4f7d-43ab-bc4d-8e5532325264">  

- 블록   
  - DBMS가 데이터를 읽고 쓰는 단위  
  - 한 블록에 저장된 레크드는 모두 같은 테이블 레코드  
  - 한 익스텐트에 담긴 블록은 모두 같은 테이블 블록  
  - 오라클은 기본 8KB   
  - 테이블 뿐 아니라 인덱스도 블록단위로 데이터를 읽고 쓴다.  
  - **데이터베이스 오브젝트중 가장 작은 단위** 

   ```sql
  SHOW PARAMETER BLOCK_SIZE;
  ----------------------------------------------------
  db_block_size integer 8192   
  ```
- 익스텐트
  - 공간을 확장하는 단위. 연속된 블록 집합
  - 서로 다른 데이터 파일에 위치할 가능성이 높다(파일 경합을 줄이기 위해 여러 데이터파일로 분산 저장)
  - 인스텐트 내 블록은 서로 인접한 연속된 공간 / 익스텐트끼리는 연속된 공간이 아니다
- 세그먼트 
  - 데이터 저장공간이 필요한 오브젝트(테이블, 인덱스, 파티션, LOB 등)
  - 테이블이나 인덱스가 파티션 구조일 시 각 파티션이 하나의 세그먼트
- 테이블스페이스 
  - 세그먼트를 담는 콘테이너
  - 여러개의 데이터파일(DBF파일)로 구성
- 데이터 파일 : 디스크상의 물리적인 OS 파일

#### 성능을 위해서는 시간과 읽기 수를 줄여야한다
> 데이터 조작작업(insert, update, delete) 후 가끔 압축을 해줘야 성능이 좋아짐.  
> 예로 update 시 해당 데이터가 존재하는 페이지에만 간단히 데이터를 수정되는 것이 아니라 페이지 스플릿, 페이지 생성등 작업이 진행되며 페이지가 늘어가게 되어 I/O가 많아 지게 되므로 성능이 저하된다. 이로 인해 압축작업을 진행해줘야한다.

#### [참고] 오라클의 논리적 구성요소
데이터 블록(data blocks) -> 확장 영역(extents) -> 세그먼트(segments) -> 테이블스페이스(tablespace) -> 데이터베이스(database)

#### [참고] 오라클의 물리적 구성요소 : DBF(Data File)
- 오라클 구성정보 파일 위치 => D:\app\\(유저명)\oradata\orcl 
- REDOXX.log 파일 => DB에서 물리적으로 데이터가 변하는것을 기록 (DML_insert, update, delete)  
- XX.DBF 파일 (테이블스페이스명) => 테이블 스페이스에서 사용하는 데이터 파일
- USERSXX.DBF 파일 (사용자스페이스명) => 사용자 계정이 사용하는 데이터 파일
![image](https://github.com/DaduPark/SQL-Tuning_ssgedu/assets/134204844/b511a7f0-5557-4fb1-b22d-aa813dbd9426)

## ROWID
- 테이블 레코드를 가리키는 주소값
- 데이터블록과 로우번호로 구성되어있으므로 이값을 알면 데이터 레코드를 찾아갈 수 있다.
> ROWID = 테이블 블록 주소 + 로우번호  
> 테이블 블록 주소 = 데이터 파일 번호 + 블록 번호
> 블록 번호 : 데이터파일 내에서 부여한 상대적 순번
> 로우번호 : 블록 내 순번

### ROWID 실습
```sql
select rowid, empno, ename from emp;
----------------------------------------------------
AAAR3sAAEAAAACXAAA	7369	SMITH
AAAR3sAAEAAAACXAAB	7499	ALLEN
AAAR3sAAEAAAACXAAC	7521	WARD
AAAR3sAAEAAAACXAAD	7566	JONES
AAAR3sAAEAAAACXAAE	7654	MARTIN
AAAR3sAAEAAAACXAAF	7698	BLAKE
AAAR3sAAEAAAACXAAG	7782	CLARK
AAAR3sAAEAAAACXAAH	7788	SCOTT
AAAR3sAAEAAAACXAAI	7839	KING
AAAR3sAAEAAAACXAAJ	7844	TURNER
AAAR3sAAEAAAACXAAK	7876	ADAMS
AAAR3sAAEAAAACXAAL	7900	JAMES
AAAR3sAAEAAAACXAAM	7902	FORD
AAAR3sAAEAAAACXAAN	7934	MILLER
```

- SMITH의 rowid : AAAR3sAAEAAAACXAAA 
  - AAAR3s : Object번호 
  - AAE : File번호
  - AAAACX : Block 번호
  - AAA : 위치번호(페이지내의)
  => 한페이지에 있으므로 위치번호를 제외하고 다 같다

```sql
select rowid, empno, ename from emp  
union   
select rowid, deptno, dname from dept;  
----------------------------------------------------
AAAR3qAAEAAAACHAAA	10	ACCOUNTING
AAAR3qAAEAAAACHAAB	20	RESEARCH
AAAR3qAAEAAAACHAAC	30	SALES
AAAR3qAAEAAAACHAAD	40	OPERATIONS
AAAR3sAAEAAAACXAAA	7369	SMITH
AAAR3sAAEAAAACXAAB	7499	ALLEN
AAAR3sAAEAAAACXAAC	7521	WARD
AAAR3sAAEAAAACXAAD	7566	JONES
AAAR3sAAEAAAACXAAE	7654	MARTIN
AAAR3sAAEAAAACXAAF	7698	BLAKE
AAAR3sAAEAAAACXAAG	7782	CLARK
AAAR3sAAEAAAACXAAH	7788	SCOTT
AAAR3sAAEAAAACXAAI	7839	KING
AAAR3sAAEAAAACXAAJ	7844	TURNER
AAAR3sAAEAAAACXAAK	7876	ADAMS
AAAR3sAAEAAAACXAAL	7900	JAMES
AAAR3sAAEAAAACXAAM	7902	FORD
AAAR3sAAEAAAACXAAN	7934	MILLER
```
- 파일은 같다 : scott과 hr은 일반계정으로 데이터스페이스가 같으므로 저장되는 파일이 같고 다른 테이블이므로 OBject가 다르며 각 테이블 마다 동일한 페이지에 존재하므로 Block번호가 같으며 다른 ROW들이므로 위치번호가 모두 다르다

##  I/O 메커니즘
### 시퀀셜 액세스 VS 랜덤 액세스
- 시퀀셜 액세스
  -  논리적, 물리적으로 연결된 순서에 따라 차례로 읽고 쓰는 방식
  -  인덱스 리프 블록은 앞뒤를 가리키는 주소값을 통해 논리적으로 서로 연결되어있음
  -  Full Table Scan시 사용
- 랜덤 엑세스
  - 레코드 하나를 읽기 위해 한 블록씩 접근하는 방식
  - 인덱스에서 테이블 엑세스 하는것도 랜덤 엑세스
    
### 논리적 I/O VS 물리적 I/O
- 서버프로세스와 데이터파일 사이에 **DB 버퍼 캐시**가 있어 데이터파일을 통해 한번 읽은 데이터를 저장한다.(버퍼캐시는 공유메모리 영역이므로 같은 블록을 읽는 다른 프로세스도 득을 본다)
- DB버퍼캐시는 **데이터 캐시**라고 할 수 있다.(라이브러리 캐시는 코드 캐시라고 할 수 있다.)
- 논리적 I/O
   - SQL문 처리과정에서 메모리 버퍼 캐시에서 발생한 총 블록 I/O
- 물리적 I/O
   - 버퍼캐시에서 존재하지 않아 디스크를 읽은 총 I/O
   - 상당히 느림
   - 물리적 I/O = 논리적 I/O x (100 - BCHR)
   - BCHR : 버퍼캐시히트율
- 물리적 I/O는 시스템 상황에 의해 결정되는 통제 불가능한 외생변수
- SQL성능을 높이기 위해서 할 수 있는 일은 논리적 I/O를 줄이는 일 뿐이다 (I/O자체를 줄이라는 뜻)

### Single Block I/O VS Multiblock I/O
- Single Block I/O
  - 한 블록씩 요청해서 메모리에 적재하는 방식
  - 인덱스를 이용할때 기본적으로 사용
- Multiblock I/O
  - 한번에 여러 블록씩 요청해서 메모리에 적재하는 방식
  - 테이블 전체 스캔할때 사용
  - 여러 블록을 요청함으로써 프로세스의 대기 큐(wait queue)를 줄여 성능을 높일 수 있다
  - 여러 인스텐트에 존재하는 값을 가져오지못한다. 즉 한 인스텐트의 값을 가져옴
 
### Table Full Scan VS Index Range Scan
- Table Full Scan
   - 테이블 전체 스캔
   - 시퀀셜 액세스와 Multiblock I/O 사용
- Index Range Scan
   - 인덱스를 이용해서 읽는 방식
   - 랜덤 엑세스와 Single Block I/O 사용

- 인덱스 사용은 중요하나 읽을 데이터의 일정량이 넘으면 인덱스보다 Table Full Scan이 더 유리하다
## 인덱스
### Heap 및 B트리구조 인덱스의 이해
#### Heap
- 데이터가 무작위로 한 줄로 나열하여 페이지에 담긴다.
- 데이터가 무작위이므로 조회성능은 떨어짐
- 데이터 조작(insert, update, delete)을 할 때는 데이터를 무작위로 넣어도 되므로 조작 성능은 좋다.
- 조회 : 데이터페이지 스캔
- Full Scan

#### B트리구조 인덱스
- 데이터가 인덱스컬럼 기준으로 트리형태로 페이지에 담긴다.
- 루트및 브랜치에 저장된 각 인덱스 레코드는 하위 블로에 대한 주소값을 갖는다(수직적 탐색이 가능)
- 데이터가 트리형태로 나열되어있으므로 인덱스 컬럼 조건에 맞는 조회를 진행 시 조회성능이 좋다.
- 데이터 조작(insert, update, delete)을 할 때는 리브, 브랜치, 루트 레벨의 전체 페이지에 영향이 갈 수 있으므로 조작성능이 떨어짐(불필요한 인덱스 생성은 줄여야함)
- 인덱스 구조를 한줄로 할 경우 조작할 때 전체 페이지의 수정이 작업되야하므로 db가 다운된다 -> B-tree구조 탄생 (트리구조)
- 조회 : 인덱스페이지 스캔 이후 해당 데이터의 ROWID(페이지주소+페이지 내의 데이터 순번)을 찾아 데이터페이지에서 스캔한다.
- Index Scan

### 인덱스가 존재하는 제약조건
- 제약조건(6개) : PK, UK, FK, Not NULL, CHECK제약, (DEFAULT 제약)
- 인덱스가 걸리는 제약 조건 : PK, UK

### 인덱스 탐색 과정
   - 수직적 탐색
      - root-> leaf로 스캔
      -  인덱스 스캔 시작점을 찾는과정
      -  루트, 브랜치은 각 인덱스 레코드의 하위 블록에 대한 주소값을 갖기 때문에 수직적 탐색이 가능
      -  조건을 만족하는 첮번째 레코드를 찾는 과정
   - 수평적 탐색
     - 데이터를 찾는 과정(리프 블록을 수평적으로 수평)
     - 조건절을 만족하는 데이터를 모두 찾고 ROWID를 얻기 위해 탐색
     - 같은 레벨(leaf레벨, branch레벨)에서 다음페이지로 스캔, leaf에서 다음것들 스캔(인덱스스캔 후 RowId를 통해 테이터 스캔 진행)

### 옵티마이저
- 규칙, 비용을 따져서 최적의 조회 성능을 낼 수 있게 도와준다.
   - RBO :  규칙 기반 옵티마이저
   - CBO :  비용 기반 옵티마이저
- 인덱스가 적용된 컬럼이 조건절에 걸렸다고 해도 Index Scan이 Full Scan보다 많아질 경우 옵티마이저가 판단하여 Full Scan(데이터페이지로만 스캔)을 한다.

### 엑세스 성능 향상
- 랜덤엑세스 : 시퀀셜엑세스가 아닌 모든 것 (인덱스 랜덤엑세스, 테이블 랜덤엑세스)
   - 인덱스 랜덤엑세스 : 인덱스 스캔(루트, 브랜치, 리프)으로 랜덤엑세스 되는 것
   - 테이블 랜덤엑세스 : 인덱스 스캔 후 데이터스캔으로 랜덤엑세스 되는 것
- 시퀀셜엑세스 : 순서에 맞춰 찾아가는 것(다음페이지 이전페이지 찾아가는것)
- 성능을 향상시키기 위해서는 랜덤엑세스를 줄여라. (인덱스 랜덤엑세스가 아닌 테이블 랜덤엑세스를 줄이는 것이 성능에 좋다!!)

---------
## 인덱스 실습
> < 가정 >   
> - ROWID : 페이지와 위치만 생각한다.  
> - 인덱스에는 키값과 ROWID만 들어간다.
> - 데이터가 한 파일에 4개가들어간다.
> - 인덱스는 한 파일에 5개만 들어간다고 생각하고 본다.
> - T1테이블(no, name, ...) 한 로우(데이터)당 2000bytes.

#### 1. heap과 B-트리 구조 인덱스 데이터 저장

##### 1.1 heap
<img src="https://github.com/DaduPark/SQL-Tuning_ssgedu/assets/76692927/ea6c19ec-c64c-4a0c-b6c8-8f67504a87aa" height="200"/>

- 17개행을 넣는다 > 데이터페이지 5개의 페이지가 필요  
-  => 값이 랜덤으로 들어가있을 때 (힙) > table full Scan(값을 찾을때 5페이지를 스캔해야함) 

##### 1.2 B-tree (name컬럼을 인덱스로 생성)

<img src="https://github.com/DaduPark/SQL-Tuning_ssgedu/assets/76692927/ae9ef640-3620-4075-b78d-8f1fc3f1f822" height="400"/>


- 17행을 넣는다 > 인덱스페이지(인덱스 기준 : name)는 7개 + 기존 Heap 테이블 5개 = 총 11개 필요   
- leaf는 인덱스를 name순서에 맞춰서 쓰며 rowId(파일명, 순번)으로 나타냄  
- branch와 root는 하단 페이지의 상위 name을 기준으로 만듦  

#### 2. Search (1. heap과 B-트리 구조 인덱스 데이터 저장 사진 참고)
##### 2.1. Full scan

<img src="https://github.com/DaduPark/SQL-Tuning_ssgedu/assets/76692927/dff3a43c-146c-4a61-9588-86acdf59b40a" height="200"/>  

- where no = 10  
-  no을 조건절에 건다면 인덱스(name)를 타지 않기 때문에 데이터페이지 5페이지를 찾게된다.

##### 2.2. Index scan
<img src="https://github.com/DaduPark/SQL-Tuning_ssgedu/assets/76692927/4c426074-16e7-4aba-adba-5b819d4f91e3" height="600"/>

- where name = '차키'  
-  name을 조건절에 건다면 인덱스를 타기 때문에 인덱스페이지 3페이지 + 데이터페이지 1페이지, 총 4페이지만 찾게된다.

##### 2.3. 옵티마이저에 의한 Full scan
- where name between '디비' and '종이'  
- 12개 (Root-branch-leaf 3페이지 + 수평적탐색 + 데이터페이지스캔)  
- ==> 옵티마이저가 인덱스 스캔이 많아질 경우에는 인덱스를 사용 안할 수 있다. 데이터페이지로만 확인함 (full 스캔)


#### 3. Insert('배달'데이터 추가)
##### 3.1. 데이터페이지 수정
<img src="https://github.com/DaduPark/SQL-Tuning_ssgedu/assets/76692927/53203c0a-a664-456c-942a-258142d20762" height="200"/>  

- 데이터 추가 시 데이터페이지는 마지막에 추가하면 됨

##### 3.2. 인덱스 페이지 수정
<img src="https://github.com/DaduPark/SQL-Tuning_ssgedu/assets/76692927/3c403ac0-7df0-4d95-a129-1f9f0168af67" height="400"/>  

- 인덱스페이지에는 leaf 레벨에 한장을 더 추가하여(**페이지 스플릿**) leaf(추가된 페이지과 기존 페이지를 순서에 맞게 주소값도 변경), branch등 많은 페이지들을 조정한다
- 페이지 추가 : 205, 페이지 수정 : 202, 201, 301
-  조회에서는 인덱스가 빠르지만 조작관점으로 보면 heap이 성능이 좋다. 그러므로 **불필요한 인덱스 생성은 줄여야한다.**


#### 4. Update ('모자'데이터를 '강자'데이터로 변경)
##### 4.1. 데이터페이지 수정
<img src="https://github.com/DaduPark/SQL-Tuning_ssgedu/assets/76692927/75040b6e-2779-4664-82c5-d8cf3cbf7405" height="200"/>  

- 해당 데이터만 수정되면됨
  
##### 4.2. 인덱스 페이지 수정
<img src="https://github.com/DaduPark/SQL-Tuning_ssgedu/assets/76692927/1e730ef1-1fc5-49a5-928d-dfe0496ba8be" height="400"/>  

- 201페이지는 페이지 스플릿처리되어 반으로 나뉘게 되고 순서에 맞게 '강자'데이터는 201로 감  
- 나머지 반은 206으로 변경  
- branch레벨인 301에 206의 가장 상위 데이터가 셋팅됨  
- 202에 '모자'데이터 삭제  
- **불필요한 인덱스 생성은 줄여야한다.**  

## Oracle Database 메모리 구조 및 DB 실행 순서

<img width="688" alt="image" src="https://github.com/DaduPark/ReadingRecord/assets/76692927/452c7578-19d1-467d-b612-c381552d2069">

> 인스턴스(Instance)  
>    - 메모리에 생성되는 인스턴스는 SGA(System Global Area) 와 백그라운드 프로세스(Background Processes)로 구분할 수 있음  
>  
> 데이터베이스(Database)  
>    - 데이터가 저장되는 부분을 데이터파일(Datafiles)  
>    - DB전체의 관리정보가 들어있는 컨트롤파일(Controlfiles)  
>    - 장애 복구시 이용되는 리두 로그파일(Redo log files)  

## SGA(System Global Area)
 - 인스턴스에 대한 데이터와 제어 정보를 가지는 공유 메모리 영역의 집합
 - Oracle 서버를 동시에 사용하고 있는 사용자는 시스템 글로벌 영역의 데이터를 공유합니다.(모든 서버프로세스가 공유하여 사용)
 - 데이터를 디스크로부터 읽어 메모리로 적재한 후 Read/Write/Update/Delete 하는데 활용할 때 사용되는 메모리 공간
 
 - 구성
   - Database Buffer Cache
     - 디스크에서 읽어온 데이터를 저장하는 공간으로, 사용자가 조회 하거나 변경하려는 모든 데이터는 이 곳에 있어야 합니다.(데이터 캐시)
     - 유한한 자원을 여러 Process가 한꺼번에 사용하려고 할 경우 순서를 지키는 것이 중요한데, 이런 경우 순서를 관리하기 위해 Oracle은 Latch라는 것을 사용합니다.
     - 논리적 I/O , 물리적 I/O 그리고 버퍼캐시 히트율
        - 논리적 I/O : SQL을 처리하는 과정에서 발생한 총 블록 I/O
        - 물리적 I/O : 데이터가 Database Buffer Cache에 없어 디스크에서 발생한 총 블록 I/O
        - 버퍼캐시 히트율(BCHR) : 물리적 디스크 I/O를 수반하지 않고 곧바로 메모리에서 찾은 비율 (물리적I/O는 시스템상황에 의해 결정되어 통제가 불가능하므로 SQL성능을 높이기위해서는 논리적 I/O를 줄이는 일뿐)

   -  Redo Log buffer
     - 데이터에 변경사항이 생길 경우 (DDL이나 DML이 실행 된 경우) 해당 변경 내용을 기록해 두는 역할을 합니다.
     - Redo log buffer의 내용을 디스크에서 저장해 주는 파일을 Redo log file 이라고 부릅니다.

    -  Shared Pool(Permanent Area + Dynamic Area)
      - 고정 영역(Permanent Area) : SGA를 관리하는 파라미터 정보
      - 동적 영역(Dynamic Area) (Library Cache + Data Dictionary Cache)
        - Library Cache :  Soft Parse 할 때 사용 되는 공간으로 이미 수행 되었던 SQL문장이나 PL/SQL 문장의 Parse Code와 해당 PL/SQL 문장, 실행 계획 등이 저장되어 있고, LRU 알고리즘으로 관리됩니다.(코드캐시)
        - Data Dictionary Cache : 구문분석이나 옵티마이저가 실행계획을 세울 때 사용 되는 주요 Dictionary들이 Row 단위로 Cache 되어 있습니다. LRU 알고리즘으로 관리됩니다.
#### 실습

```sql
SHOW SGA;
----------------------------------------------------
Total System Global Area   6731022336 bytes      
Fixed Size                    2188488 bytes      
Variable Size              3674213176 bytes      
Database Buffers           3036676096 bytes      
Redo Buffers                 17944576 bytes 
```

## PGA(Program Global Area)
- 각 Process마다 개별적으로 저장해야 할 내용을 담는 공간.(서버프로세스가 단독으로 사용)
- 주로 정렬 관련 작업등이 이루어진다.
- Server Process나 백그라운드 Process들은 전부 각각의 PGA를 가지고 각자의 용도에 맞게 사용.
- 유저로부터 요청받은 작업을 처리하는 데 사용되는 메모리 영역

- 구성
  - 정렬 공간 (Sort Area) : Order by, Group by 수행 시 정렬할 때 사용되는 공간, 메모리 부족 시 디스크 공간 활용
  - 세션 정보 (Session Information) : 서버 <-> 유저 연결 정보
  - 커서 상태 정보(Cursor State) : SQL 파싱 정보가 저장되어 있는 주소
  - 변수 저장 공간 (Stack Area) : Bind 변수를 저장하는 공간
  - 유저 프로세스 -> 서버 프로세스 -> PGA로 할당


## SQL 문장
#### 1. 실행 원리
1. 사용자 접근 (사용자가 SQL문장을 수행)  
   - 접근법 : CLI(SQL PLUS), GUI(SQL DEVELOPER, ..)을 통해 접근 (기본포트값 1521(리스터))

2. 사용자의 PC쪽에 USer Process라는 프로세스가 해당 SQL문장을 서버로 전달 후 결과값이 나오기까지 대기.  
3. User Process로부터 SQL문장을 받은 Server Process는 PGA 할당 후 SQL 파싱 진행  
   - SQL 파싱 
      - 1) 파싱 트리 생성 : SQL문을 이루는 개별 구성요소를 분석해서 파싱 트리 생성
      - 2) Syntax 체크 : 문법적 오류가 없는지 확인
      - 3) Semanitic 체크 : 의미상 오류가 없는지 확인
      - 4) 권한검사
4. Shared Pool에서 Library Cache를 검사.(캐시 존재시 소프트파싱, 없을시 하드파싱(sql최적화+로우소스생성))  
   - 기존 SQL 캐시에서 실행계획이 존재 한다면 실행 단계로 진행하고 (Soft Parse_소프트파싱),  
   - 없으면 옵티마이저를 찾아가 실행 계획을 만들어 달라고 요청. Data Dictionary등을 참조하여 옵티마이저가 실행 계획 생성(Hard Parse_하드파싱) _ 최적화 및 로우 생성 단계 거치는 것  
   - Soft Parse 실패시에만 Hard Parse 과정을 거침.  
  <img height="150" alt="image" src="https://github.com/DaduPark/ReadingRecord/assets/76692927/a9e2f6c3-d0bb-4028-b8da-79d5417483c0">

#### 2. 바인드 변수의 중요성
- 사용자 정의함수, 프로시저, 트리거, 패키지 등은 생성할때 부터 **이름**을 가져 딕셔너리에 저장되며 영구 보관된다. 그러므로 라이브러리 캐시에 적재하여 재사용된다.
- SQL은 텍스트 전체가 이름 역할 즉, 작은 부분이라도 수정되면 다른 객체로 탄생됨(SQL ID도 변한다)
- 하단 예시는 모두 다른 ID로 처리됨 => **하드 파싱**처리됨
  ```sql
  select * from emp where empno = 11;
  Select * from emp where empno = 11;
  select * from emp where empno = 12;  
  ```
- **바인드 변수**를 사용함으로써 캐싱된 SQL을 사용자마다 공유하여 하드파싱은 한번만 일어난다.
  ```sql
  select * from emp where empno = :empno;
  ```
   
   
#### 3. SQL SELECT 쿼리 실행 순서
  - 실행 순서 : FROM > WHERE > GROUP BY > HAVING > SELECT > ORDER BY
  - where 과 having으로 조건을 걸때 결과 같이 같더라도 where에 거는것이 성능이 좋다 (처음에 걸러내는것이 양을 줄일수있다)
  - 테이블 별칭은 어디에서든 다 적용이 되고 컬럼 별칭은 나머지에서 해석이 안되지만 order by에서 읽힌다 


#### 4. Single Block I/O vs Multiblock I/O 
  - Single Block I/O : 한번에 한 블록씩 요청해서 메모리에 적제하는 방식
  - Multiblock I/O : 여러 블록씩 요청해서 메모리에 적재하는 방식(인덱스를 이용하지 않고 테이블 전체를 스캔할때 사용)
  

------------------------
## 실행계획
### 1. 실행계획 옵션 설정 및 읽는 법 

- sql문 실행계획 실행 (단축키 : F5)
```sql
set autotrace on exp;
```

- 실행계획 순서는 좌측을 기준으로 들어가있는 것이 제일 먼저이고 같은 레이어면 위쪽이 먼저 실행된 것
```sql
SELECT STATEMENT              -- 3. 최종적으로 pga에 넘겨줌    
  TABLE ACCESS BY INDEX ROWID -- 2. rowid로 힙의 데이터를 찾음
   INDEX UNIQUE SCAN          -- 1. 인덱스를 탐
```

- 인덱스가 있더라도 액세스 양이 많아질 것으로 판단할 경우 옵티마이저가 full스캔으로 실행계획을 자동으로 변경할 수 있음


#### 실습
> 제약조건은 인덱스가 걸리는 제약조건이다 

- 인덱스가 걸리지않은 heap의 상태
```sql
create table t1
( c1 int, 
  c2 int, 
  c3 int);
  ```

- c1, c2는 인덱스를 타고 c3는 heap으로 검색됨
```sql
create table t1
( c1 int primary key, 
  c2 int unique, 
  c3 int);
```


- 조건이 없어서 힙데이터로 탐색
```sql
select * from t1;
--------------------------------------------------------------------------
| Id  | Operation         | Name | Rows  | Bytes | Cost (%CPU)| Time     |
--------------------------------------------------------------------------
|   0 | SELECT STATEMENT  |      |     1 |    39 |     2   (0)| 00:00:01 |
|   1 |  TABLE ACCESS FULL| T1   |     1 |    39 |     2   (0)| 00:00:01 |
--------------------------------------------------------------------------
```

- c1(PK) 인덱스를 내려갈 계획을 짬
```sql
select * from t1 where c1=10;
--------------------------------------------------------------------------------------------
| Id  | Operation                   | Name         | Rows  | Bytes | Cost (%CPU)| Time     |
--------------------------------------------------------------------------------------------
|   0 | SELECT STATEMENT            |              |     1 |    39 |     1   (0)| 00:00:01 |
|   1 |  TABLE ACCESS BY INDEX ROWID| T1           |     1 |    39 |     1   (0)| 00:00:01 |
|*  2 |   INDEX UNIQUE SCAN         | SYS_C0011127 |     1 |       |     1   (0)| 00:00:01 |
--------------------------------------------------------------------------------------------
```

- c2인덱스(UK)를 내려갈 계획을 짬

```sql
select * from t1 where c2=10;
--------------------------------------------------------------------------------------------
| Id  | Operation                   | Name         | Rows  | Bytes | Cost (%CPU)| Time     |
--------------------------------------------------------------------------------------------
|   0 | SELECT STATEMENT            |              |     1 |    39 |     1   (0)| 00:00:01 |
|   1 |  TABLE ACCESS BY INDEX ROWID| T1           |     1 |    39 |     1   (0)| 00:00:01 |
|*  2 |   INDEX UNIQUE SCAN         | SYS_C0011128 |     1 |       |     1   (0)| 00:00:01 |
--------------------------------------------------------------------------------------------
```

- 힙데이터를 바라봄(C3는 인덱스 존재 X)
```sql
select * from t1 where c3=10;
--------------------------------------------------------------------------
| Id  | Operation         | Name | Rows  | Bytes | Cost (%CPU)| Time     |
--------------------------------------------------------------------------
|   0 | SELECT STATEMENT  |      |     1 |    39 |     2   (0)| 00:00:01 |
|*  1 |  TABLE ACCESS FULL| T1   |     1 |    39 |     2   (0)| 00:00:01 |
--------------------------------------------------------------------------
```


 -------------------------------------------------------------------------------
 ### 2. 테이블 데이터 복사 
 > 데이터만 복사하고 제약조건, 인덱스는 복사 안됨

 #### 실습

```sql
 create table emp01
 as
 select * from emp;
 ```

 ```sql
 select * from emp01;
 ```

- 테이블 emp 조회 시, 컬럼 empno를 조건으로 걸었을 때 인덱스를 탐
```sql
 select * from emp where empno = 7788;
 --------------------------------------------------------------------------------------
| Id  | Operation                   | Name   | Rows  | Bytes | Cost (%CPU)| Time     |
--------------------------------------------------------------------------------------
|   0 | SELECT STATEMENT            |        |     1 |    38 |     1   (0)| 00:00:01 |
|   1 |  TABLE ACCESS BY INDEX ROWID| EMP    |     1 |    38 |     1   (0)| 00:00:01 |
|*  2 |   INDEX UNIQUE SCAN         | PK_EMP |     1 |       |     0   (0)| 00:00:01 |
--------------------------------------------------------------------------------------
```

- 테이블 emp01 조회 시, 컬럼 empno를 조건으로 걸었을 때 인덱스를 타지 않고 풀스캔을 탐
```sql
 select * from emp01 where empno = 7788;
 ---------------------------------------------------------------------------
| Id  | Operation         | Name  | Rows  | Bytes | Cost (%CPU)| Time     |
---------------------------------------------------------------------------
|   0 | SELECT STATEMENT  |       |     1 |    87 |     3   (0)| 00:00:01 |
|*  1 |  TABLE ACCESS FULL| EMP01 |     1 |    87 |     3   (0)| 00:00:01 |
---------------------------------------------------------------------------
```

- 테이블 emp는 empno을 PK 인덱스로 가지고 있으나,
  emp01은 emp의 데이터만 복사되고 제약조건 및 인덱스는 복사 안된 것을 실행계획을 통해 확인



### 3. 조건 유형 및 UNIQUE 인덱스 

> 1. where 뒤, 조건의 유형은 5개   
> - point 조건 : =    
> - 범위(Range) 조건 : >,<=    
> - 열거 조건 : in (a,b,c,,,)    
> - 패턴 조건 : like _ , %   
> - 상태 조건 : is null, is not null   
>  
>  2. 일반 인덱스와 UNIQUE 인덱스(고유)  
> - 둘 다 범위 조건에서는 INDEX RANGE SCAN  
> - UNIQUE 인덱스의 경우 한 행만 찾는 = 조건에서는 데이터를 찾게 되면 다음 데이터를 찾지 않아도 되어 INDEX UNIQUE SCAN 가 발생하지만  
> - 일반 인덱스의 경우 다른 곳에도 있을 수도 있으므로 INDEX RANGE SCAN 로 발생한다.  
> - UNIQUE 인덱스 생성 : PK, UK의 제약조건에 의한 인덱스 생성 / create **unique** index idx01_emp01 on emp01(empno); 처럼 UNIQUE 지정  
>  
> 3. 인덱스 순서 지정  
> 앞쪽(ASC)에서 찾을확률이 높은데이터가 있고 뒷쪽(DESC)에서 찾을 확률이 높은 데이터가 있으므로 asc, desc로 선택하여 인덱스를 만들 수 있다 / 오른차순정렬(INDEX_DESC)을 사용하여 거꾸로 읽어나갈수도있다

#### 실습 
- INDEX UNIQUE SCAN
```sql
select * from emp where empno = 7788; 

--------------------------------------------------------------------------------------
| Id  | Operation                   | Name   | Rows  | Bytes | Cost (%CPU)| Time     |
--------------------------------------------------------------------------------------
|   0 | SELECT STATEMENT            |        |     1 |    38 |     1   (0)| 00:00:01 |
|   1 |  TABLE ACCESS BY INDEX ROWID| EMP    |     1 |    38 |     1   (0)| 00:00:01 |
|*  2 |   INDEX UNIQUE SCAN         | PK_EMP |     1 |       |     0   (0)| 00:00:01 |
--------------------------------------------------------------------------------------
```

- INDEX RANGE SCAN
```sql
select * from emp where empno between 7788 and 7600;

---------------------------------------------------------------------------------------
| Id  | Operation                    | Name   | Rows  | Bytes | Cost (%CPU)| Time     |
---------------------------------------------------------------------------------------
|   0 | SELECT STATEMENT             |        |     1 |    38 |     0   (0)|          |
|*  1 |  FILTER                      |        |       |       |            |          |
|   2 |   TABLE ACCESS BY INDEX ROWID| EMP    |     1 |    38 |     2   (0)| 00:00:01 |
|*  3 |    INDEX RANGE SCAN          | PK_EMP |     1 |       |     1   (0)| 00:00:01 |
---------------------------------------------------------------------------------------
```

- 인덱스 생성(UNIQUE X)
```sql
create index idx01_emp01 on emp01(empno);
```

- INDEX RANGE SCAN
```sql
select * from emp01 where empno = 7788;
-------------------------------------------------------------------------------------------
| Id  | Operation                   | Name        | Rows  | Bytes | Cost (%CPU)| Time     |
-------------------------------------------------------------------------------------------
|   0 | SELECT STATEMENT            |             |     1 |    87 |     2   (0)| 00:00:01 |
|   1 |  TABLE ACCESS BY INDEX ROWID| EMP01       |     1 |    87 |     2   (0)| 00:00:01 |
|*  2 |   INDEX RANGE SCAN          | IDX01_EMP01 |     1 |       |     1   (0)| 00:00:01 |
```

- INDEX RANGE SCAN
```sql
select * from emp01 where empno between 7788 and 7600; -
--------------------------------------------------------------------------------------------
| Id  | Operation                    | Name        | Rows  | Bytes | Cost (%CPU)| Time     |
--------------------------------------------------------------------------------------------
|   0 | SELECT STATEMENT             |             |     1 |    87 |     0   (0)|          |
|*  1 |  FILTER                      |             |       |       |            |          |
|   2 |   TABLE ACCESS BY INDEX ROWID| EMP01       |     1 |    87 |     0   (0)| 00:00:01 |
|*  3 |    INDEX RANGE SCAN          | IDX01_EMP01 |     1 |       |     0   (0)| 00:00:01 |
--------------------------------------------------------------------------------------------
```

### 3. 힌트절 별칭사용
- 테이블 별칭을 사용하면 힌트 적용도 안되기 때문에
  힌트가 제대로 적용되었는지 확인해야 한다


#### 실습
 - 테이블 별칭과 힌트를 함께 사용했을 경우의 비교

```sql
select  /*+ full(emp) */ *
from emp where empno = 7788;

---------------------------------------------------------------------------
| Id  | Operation         | Name  | Rows  | Bytes | Cost (%CPU)| Time     |
---------------------------------------------------------------------------
|   0 | SELECT STATEMENT  |       |     1 |    87 |     3   (0)| 00:00:01 |
|*  1 |  TABLE ACCESS FULL| EMP01 |     1 |    87 |     3   (0)| 00:00:01 |
---------------------------------------------------------------------------
```

```sql
select  /*+ full(emp) */ *
from emp e where empno = 7788;

--------------------------------------------------------------------------------------
| Id  | Operation                   | Name   | Rows  | Bytes | Cost (%CPU)| Time     |
--------------------------------------------------------------------------------------
|   0 | SELECT STATEMENT            |        |     1 |    38 |     1   (0)| 00:00:01 |
|   1 |  TABLE ACCESS BY INDEX ROWID| EMP    |     1 |    38 |     1   (0)| 00:00:01 |
|*  2 |   INDEX UNIQUE SCAN         | PK_EMP |     1 |       |     0   (0)| 00:00:01 |
--------------------------------------------------------------------------------------
```
- 테이블 별칭을 사용하여 선언된 힌트를 사용하지 못함을 확인함


### 4. 조건이 없는 힌트사용
- 조건이 없는데도 힌트절을 사용하면 옵티마이저가 진행하는대로 진행된다

#### 실습 
```sql
create index idx02_emp01 on emp01(ename);

```

```sql
select /*+ index(emp01 idx01_emp01 ) */ *
from emp01;
```
- 조건절이 아예 없을 때는 힌트절에 인덱스를 지정해도 인덱스를 타지 않고 full scan을 탐

```sql
select * from emp01 where ename='SMITH';

select /*+ index(emp01 idx01_emp01 ) */ *
from emp01 where ename='SMITH';
```
- 힌트에 작성된 인덱스와 조건절에 해당하는 컬럼의 인덱스가 맞지 않는 경우 
- 힌트로 지정된 인덱스 대신 조건절에 존재하는 인덱스(idx02_emp01)를 탐


### 5. 결합인덱스
- 다수 컬럼을 사용하여 인덱스 생성

- 여러 인덱스가 존재하는 경우, 성능이 좋은 인덱스로 실행된다.
- (ename만 걸린 인덱스1과 empno, ename 두개가 걸린 인덱스2가 있을 때 ename 조건 실행시 인덱스 1이 진행)

- 결합인덱스 중 선두 컬럼이 조건에 걸리고 출력데이터가 결합인덱스의 데이터이 있을 경우 인덱스데이터에서 데이터를 모두 찾을 수 있으므로 성능이 좋다 (Heap데이터를 통해 찾지 않아도되므로)
  그렇다고 결합인덱스에 많은 컬럼을 인덱스로 만들면 인덱스페이지가 많아지게 되어 조작에도 성능이 떨어지게 된다.

- 결합인덱스 중 선두 컬럼이 아닌 다른 컬럼으로 조건에 걸리고 출력데이터를 선두 컬럼을 뽑게될 경우 선두 컬림이 조건절에 없으므로 INDEX RANGE SCAN 탈 수 없다
  하지만 HEAP 데이터 전체를 FULL SCAN하지 않고 인덱스데이터를 FULL SCAN 하더라도 데이터를 뽑아낼 수 있으므로 INDEX FULL SCAN이 진행된다. (TABLE FULL SCAN보다 성능이 좋음)

#### 실습
-결합인덱스 생성
```sql
create index idx03_emp01 on emp01(empno, ename);
```

```sql
select * from emp01 where empno=7788;

-------------------------------------------------------------------------------------------
| Id  | Operation                   | Name        | Rows  | Bytes | Cost (%CPU)| Time     |
-------------------------------------------------------------------------------------------
|   0 | SELECT STATEMENT            |             |     1 |    87 |     2   (0)| 00:00:01 |
|   1 |  TABLE ACCESS BY INDEX ROWID| EMP01       |     1 |    87 |     2   (0)| 00:00:01 |
|*  2 |   INDEX RANGE SCAN          | IDX01_EMP01 |     1 |       |     1   (0)| 00:00:01 |
-------------------------------------------------------------------------------------------
``` 
- empno의 인덱스만 가지고있는 IDX01_EMP01가 더 효과적이므로 결합인덱스가 사용되지 않음


```sql
select /*+ index(emp01 idx03_emp01 ) */  *
from emp01 where empno=7788;

-------------------------------------------------------------------------------------------
| Id  | Operation                   | Name        | Rows  | Bytes | Cost (%CPU)| Time     |
-------------------------------------------------------------------------------------------
|   0 | SELECT STATEMENT            |             |     1 |    87 |     2   (0)| 00:00:01 |
|   1 |  TABLE ACCESS BY INDEX ROWID| EMP01       |     1 |    87 |     2   (0)| 00:00:01 |
|*  2 |   INDEX RANGE SCAN          | IDX03_EMP01 |     1 |       |     1   (0)| 00:00:01 |
-------------------------------------------------------------------------------------------
```


```sql
select ename from emp01 where empno=7788;

--------------------------------------------------------------------------------
| Id  | Operation        | Name        | Rows  | Bytes | Cost (%CPU)| Time     |
--------------------------------------------------------------------------------
|   0 | SELECT STATEMENT |             |     1 |    20 |     1   (0)| 00:00:01 |
|*  1 |  INDEX RANGE SCAN| IDX03_EMP01 |     1 |    20 |     1   (0)| 00:00:01 |
--------------------------------------------------------------------------------
```
- IDX03_EMP01에 empno, ename를 모두 가지고 있으므로 heap데이터까지 안가도 된다.
- "TABLE ACCESS BY INDEX ROWID" 의 과정이 생략되었음.


```sql
select empno from emp01 where ename='SCOTT';

--------------------------------------------------------------------------------
| Id  | Operation        | Name        | Rows  | Bytes | Cost (%CPU)| Time     |
--------------------------------------------------------------------------------
|   0 | SELECT STATEMENT |             |     1 |    20 |     1   (0)| 00:00:01 |
|*  1 |  INDEX FULL SCAN | IDX03_EMP01 |     1 |    20 |     1   (0)| 00:00:01 |
--------------------------------------------------------------------------------
```
- 인덱스의 선두컬럼을 기준으로 찾는것이 아니므로 INDEX FULL SCAN으로 탄다 (테이블 풀 스캔보다는 성능이 좋음)  




## 인덱스 가공
 - 가공된 인덱스 컬럼은 인덱스를 타지 않는다. (where empno -1 = 7787)
 - 자동형변환 되면 인덱스를 사용할 수 없다. (where empno  like '7787'  >  스트링으로 자동형변환)
 - 가공되어 인덱스를 타지 않는 쿼리는 힌트절을 작성해도 인덱스를 사용할 수 없다.
 - 인덱스 스캔 시작점을 찾을 수 없기 때문에 가공한 컬럼은 인덱스를 정상적으로 사용할 수 없다.

 ## 실습

 #### 1. 가공된 인덱스 사용
- 가공된 인덱스인 경우 인덱스를 사용하지 못하므로 TABLE FULL SCAN을 탄다. 

```sql
select * from emp where empno -1 = 7787
```

 ```sql
select * from emp04 where to_number(empno) = 7788;
---------------------------------------------------------------------------
| Id  | Operation         | Name  | Rows  | Bytes | Cost (%CPU)| Time     |
---------------------------------------------------------------------------
|   0 | SELECT STATEMENT  |       |     1 |    87 |     3   (0)| 00:00:01 |
|*  1 |  TABLE ACCESS FULL| EMP04 |     1 |    87 |     3   (0)| 00:00:01 |
---------------------------------------------------------------------------
```

```sql

select * from emp04 where to_number(empno) = '7788';
---------------------------------------------------------------------------
| Id  | Operation         | Name  | Rows  | Bytes | Cost (%CPU)| Time     |
---------------------------------------------------------------------------
|   0 | SELECT STATEMENT  |       |     1 |    87 |     3   (0)| 00:00:01 |
|*  1 |  TABLE ACCESS FULL| EMP04 |     1 |    87 |     3   (0)| 00:00:01 |
---------------------------------------------------------------------------
```


#### 2. 자동 형변환과 like 조건
- 숫자 타입의 컬럼에 like 조건 사용 시 자동으로 형변환된다.
- 자동형변환된 인덱스컬럼은 인덱스를 타지 못한다.

 ```sql
select * From emp where empno like '7788';
--------------------------------------------------------------------------
| Id  | Operation         | Name | Rows  | Bytes | Cost (%CPU)| Time     |
--------------------------------------------------------------------------
|   0 | SELECT STATEMENT  |      |     1 |    38 |     3   (0)| 00:00:01 |
|*  1 |  TABLE ACCESS FULL| EMP  |     1 |    38 |     3   (0)| 00:00:01 |
--------------------------------------------------------------------------
-  1 - filter(TO_CHAR("EMPNO")='7788')
```
- 위처럼 바뀌게 되는데 함수처리된 컬럼(가공된 컬럼)은 인덱스를 타지 못한다.
- empno는 숫자고 like는 패턴이므로 문자로 형변환 처리되어 실행된다.
- 하지만 함수를 포함하여 인덱스를 태우고 싶다면 함수기반인덱스(FBI)를 태우면 된다.
- ex) create index emp04_idx02 on emp04(substr(ename,0,1)); 
- 함수 기반 인덱스 사용 시 조작이 더 어려워질 수 있어 잘 사용하지 않는다. 단, 데이터의 변화가 크게 없을때는 고려해도 좋다.


```sql  
select * From emp03 where ename like 'SCOTT';
-------------------------------------------------------------------------------------------
| Id  | Operation                   | Name        | Rows  | Bytes | Cost (%CPU)| Time     |
-------------------------------------------------------------------------------------------
|   0 | SELECT STATEMENT            |             |     1 |    87 |     2   (0)| 00:00:01 |
|   1 |  TABLE ACCESS BY INDEX ROWID| EMP03       |     1 |    87 |     2   (0)| 00:00:01 |
|*  2 |   INDEX RANGE SCAN          | EMP03_INDX1 |     1 |       |     1   (0)| 00:00:01 |
-------------------------------------------------------------------------------------------
2 - access("ENAME"='SCOTT')
```
- 타입이 동일해서 가공처리가 일어나지 않는다.
- ename는 문자타입이므로 like를 사용하더라도 형변환이 일어나지 않는다.


```sql
select * From emp03 where ename like 'A%';
-------------------------------------------------------------------------------------------
| Id  | Operation                   | Name        | Rows  | Bytes | Cost (%CPU)| Time     |
-------------------------------------------------------------------------------------------
|   0 | SELECT STATEMENT            |             |     2 |   174 |     2   (0)| 00:00:01 |
|   1 |  TABLE ACCESS BY INDEX ROWID| EMP03       |     2 |   174 |     2   (0)| 00:00:01 |
|*  2 |   INDEX RANGE SCAN          | EMP03_INDX1 |     2 |       |     1   (0)| 00:00:01 |
-------------------------------------------------------------------------------------------
 2 - access("ENAME" LIKE 'A%')
       filter("ENAME" LIKE 'A%')
```

- 인덱스데이터에서 A기준으로 인덱스를 타서 INDEX RANGE SCAN가 일어난다.
  
 ```sql  
select * From emp03 where ename like '_A%';
-------------------------------------------------------------------------------------------
| Id  | Operation                   | Name        | Rows  | Bytes | Cost (%CPU)| Time     |
-------------------------------------------------------------------------------------------
|   0 | SELECT STATEMENT            |             |     3 |   261 |     2   (0)| 00:00:01 |
|   1 |  TABLE ACCESS BY INDEX ROWID| EMP03       |     3 |   261 |     2   (0)| 00:00:01 |
|*  2 |   INDEX FULL SCAN           | EMP03_INDX1 |     1 |       |     1   (0)| 00:00:01 |
-------------------------------------------------------------------------------------------
2 - filter("ENAME" IS NOT NULL AND "ENAME" LIKE '_A%')
```

- 데이터파일에 비해 인덱스파일에 데이터의 내용이 많이들어가므로 leaf 레벨에있는 인덱스파일이 힙데이터파일보다 양이 적다.
- 그러므로 TABLE FULL SCAN보다는 INDEX FULL SCAN이 효과적이다. 단, INDEX FULL SCAN은 테이블랜덤액세스를 진행하므로 성능이 더 낮아질 수 있다.)

 ```sql
select * From emp03 where ename like '%A%';
-------------------------------------------------------------------------------------------
| Id  | Operation                   | Name        | Rows  | Bytes | Cost (%CPU)| Time     |
-------------------------------------------------------------------------------------------
|   0 | SELECT STATEMENT            |             |     7 |   609 |     2   (0)| 00:00:01 |
|   1 |  TABLE ACCESS BY INDEX ROWID| EMP03       |     7 |   609 |     2   (0)| 00:00:01 |
|*  2 |   INDEX FULL SCAN           | EMP03_INDX1 |     1 |       |     1   (0)| 00:00:01 |
-------------------------------------------------------------------------------------------
2 - filter("ENAME" IS NOT NULL AND "ENAME" LIKE '%A%')
```
- 위와 동일

#### 3. 함수 사용

```sql
select * from emp03 where substr(ename,0,1) = 'S'; 
---------------------------------------------------------------------------
| Id  | Operation         | Name  | Rows  | Bytes | Cost (%CPU)| Time     |
---------------------------------------------------------------------------
|   0 | SELECT STATEMENT  |       |     2 |   174 |     3   (0)| 00:00:01 |
|*  1 |  TABLE ACCESS FULL| EMP03 |     2 |   174 |     3   (0)| 00:00:01 |
---------------------------------------------------------------------------
```
- 형변환으로 인덱스를 못탄다



#### 4. IN 조건 사용 (INLIST ITERATOR)
- IN조건은 OR조건을 표현하는 다른 방식.
- IN 조건의 개수만큼 Index Range Scan을 반복한다.


 ```sql
select * From emp where empno in (7521, 7499, 7788); --INDEX UNIQUE SCAN  
---------------------------------------------------------------------------------------
| Id  | Operation                    | Name   | Rows  | Bytes | Cost (%CPU)| Time     |
---------------------------------------------------------------------------------------
|   0 | SELECT STATEMENT             |        |     3 |   114 |     2   (0)| 00:00:01 |
|   1 |  INLIST ITERATOR             |        |       |       |            |          |
|   2 |   TABLE ACCESS BY INDEX ROWID| EMP    |     3 |   114 |     2   (0)| 00:00:01 |
|*  3 |    INDEX UNIQUE SCAN         | PK_EMP |     3 |       |     1   (0)| 00:00:01 |
---------------------------------------------------------------------------------------
```
- 위의 in 조건절은 ("EMPNO"=7499 OR "EMPNO"=7521 OR "EMPNO"=7788) 와 같다.
- or 조건으로 UNIQUE SCAN으로 반복적으로 실행된 것.
- 양이많아지면 range scan이나 full로 바뀔 수 있다.
- 검색량에 따라 실행계획이 바뀔 수 있다


 ```sql
select * From emp03 where ename IN ('ALLEN','MARTIN','KING');
--------------------------------------------------------------------------------------------
| Id  | Operation                    | Name        | Rows  | Bytes | Cost (%CPU)| Time     |
--------------------------------------------------------------------------------------------
|   0 | SELECT STATEMENT             |             |     3 |   261 |     2   (0)| 00:00:01 |
|   1 |  INLIST ITERATOR             |             |       |       |            |          |
|   2 |   TABLE ACCESS BY INDEX ROWID| EMP03       |     3 |   261 |     2   (0)| 00:00:01 |
|*  3 |    INDEX RANGE SCAN          | EMP03_INDX1 |     1 |       |     1   (0)| 00:00:01 |
--------------------------------------------------------------------------------------------
3 - access("ENAME"='ALLEN' OR "ENAME"='KING' OR "ENAME"='MARTIN')
```
 - ITERATOR란 표현이 나오면 반복처리가 들어간다 생각하면됨 
   

 
 
 
 
 -------------
## 결합인덱스 
 - 결합인덱스에서 선두컬럼을 결정할 때는 가장 많이 식별이 필요한 컬럼을 예측하여 선두에 넣어야한다. (결합인덱스의 순서 중요)
 - 컬럼이 여러개 일때 초반에 필터를 많이 할 수 있는 컬럼을 찾아 선두에 넣어준다(점 조건(포인트 조건, 작은범위 조건) > 선분조건(범위 조건))
 - 자주 사용하는 쿼리 참조

### 결합인덱스 check!
1. where 조건에 많이 사용되는 컬럼을 우선
2. equal(=)로 사용되는 컬럼을 우선
3. 분포도가 좋은 컬럼을 우선
4. 자주 이용되는 순서대로 결합인덱스의 컬럼의 순서를 결정
 
 ### [참고] RBO 규칙 최적화 우선순위
 <img width="688" alt="image" src="https://github.com/DaduPark/ReadingRecord/assets/76692927/1cf6af8f-8180-4532-ae8b-fca21f2b697c">

- 순위 별로 최적의 성능을 의미하며 여기서 Composite Index(8번)은 결합인덱스를 의미한다.


#### 실습
```sql
create index idx_emp05_01 on emp05(deptno, job);
```
- 결합인덱스 생성

```sql
select * from emp05 where job = 'CLERK' and deptno = 10;
--------------------------------------------------------------------------------------------
| Id  | Operation                   | Name         | Rows  | Bytes | Cost (%CPU)| Time     |
--------------------------------------------------------------------------------------------
|   0 | SELECT STATEMENT            |              |     1 |    87 |     2   (0)| 00:00:01 |
|   1 |  TABLE ACCESS BY INDEX ROWID| EMP05        |     1 |    87 |     2   (0)| 00:00:01 |
|*  2 |   INDEX RANGE SCAN          | IDX_EMP05_01 |     1 |       |     1   (0)| 00:00:01 |
--------------------------------------------------------------------------------------------
```
- 인덱스인 두 컬럼으로 조회함

```sql
select job,ename from emp05 where deptno = 10;
--------------------------------------------------------------------------------------------
| Id  | Operation                   | Name         | Rows  | Bytes | Cost (%CPU)| Time     |
--------------------------------------------------------------------------------------------
|   0 | SELECT STATEMENT            |              |     3 |    78 |     2   (0)| 00:00:01 |
|   1 |  TABLE ACCESS BY INDEX ROWID| EMP05        |     3 |    78 |     2   (0)| 00:00:01 |
|*  2 |   INDEX RANGE SCAN          | IDX_EMP05_01 |     3 |       |     1   (0)| 00:00:01 |
--------------------------------------------------------------------------------------------
```
- 선두 인덱스로 조회하여 INDEX RANGE SCAN 진행됨


```sql
select deptno,ename from emp05 where job = 'CLERK';
---------------------------------------------------------------------------
| Id  | Operation         | Name  | Rows  | Bytes | Cost (%CPU)| Time     |
---------------------------------------------------------------------------
|   0 | SELECT STATEMENT  |       |     4 |   104 |     3   (0)| 00:00:01 |
|*  1 |  TABLE ACCESS FULL| EMP05 |     4 |   104 |     3   (0)| 00:00:01 |
---------------------------------------------------------------------------
```
- 선두 인덱스컬럼으로 조회가되지 않았기에 인덱스를 타지 못한다


```sql
select deptno from emp05 where job = 'CLERK';
---------------------------------------------------------------------------------
| Id  | Operation        | Name         | Rows  | Bytes | Cost (%CPU)| Time     |
---------------------------------------------------------------------------------
|   0 | SELECT STATEMENT |              |     4 |    76 |     1   (0)| 00:00:01 |
|*  1 |  INDEX FULL SCAN | IDX_EMP05_01 |     4 |    76 |     1   (0)| 00:00:01 |
---------------------------------------------------------------------------------
```
- 결합인덱스에 모두 있기때문에 인덱스스캔만 해도됨




-------------
## 클러스터링 펙터 (Clustering Factor)
- 군집성 계수(=데이터가 모여있는 정도)
- 데이터베이스에서는 특정 컬럼을 기준으로 같은 값을 갖는 데이터가 서로 모여있는 정도를 의미한다.
- "인덱스 클러스터링 팩터가 좋다."라는 것은 인덱스 정렬 순서와 테이블 정렬 순서가 서로 비슷하다는 것을 말한다.
- 인덱스파일에서 힙테이블로 테이블 랜덤 엑세스를 한 데이터 당 하나씩 하면 성능이 안좋기 때문에 여러개 찾을 것을 한번 엑세스 후 여러개를 읽게되면 효과적이다.
- 인덱스의 순서와 힙의 순서가 비슷하게 정렬 되어있으면 한번 엑세스에 데이터 여러 개를 읽을 수 있게된다.
<img width="500" alt="image" src="https://github.com/DaduPark/ReadingRecord/assets/76692927/e34cb290-2c36-4b6b-b60a-b0e27473e680">

### 클러스터링 팩터의 중요성
1. Index Scan의 Cost에 큰 영향을 준다.
2. Index Lookup을 통해 Data를 읽는 일량을 결정한다.

## 실습
```sql
select owner, index_name, clustering_factor from all_indexes; 
---------------------------------------------------------------
SCOTT IDX02_EMP01 1
SCOTT IDX01_EMP01 1
OE SYS_C0011037 117
OE SYS_C0011034 168
HR EMP_EMP_ID_PK 2
HR EMP_EMAIL_UK 19
SCOTT PK_EMP 1
```
